<?xml version="1.0" encoding="UTF-8"?>
<!-- Generated by org.testng.reporters.JUnitXMLReporter -->
<testsuite hostname="Sys" ignored="0" name="Free CRM Application Test cases" tests="9" failures="0" timestamp="2020-02-22T13:54:22 IST" time="213.593" errors="0">
  <testcase name="verifyContactsPageLable" time="0.235" classname="com.crm.qa.testcases.ContactsPageTest"/>
  <testcase name="selectContactsByName" time="1.449" classname="com.crm.qa.testcases.ContactsPageTest"/>
  <testcase name="selectMultipleContactsByName" time="1.573" classname="com.crm.qa.testcases.ContactsPageTest"/>
  <testcase name="verifyHomePageTitleTest" time="0.019" classname="com.crm.qa.testcases.HomePageTest"/>
  <testcase name="verifyUserNameTest" time="0.19" classname="com.crm.qa.testcases.HomePageTest"/>
  <testcase name="verifyContactsLink" time="0.308" classname="com.crm.qa.testcases.HomePageTest"/>
  <testcase name="validateLoginPageTitle" time="0.03" classname="com.crm.qa.testcases.LoginPageTest"/>
  <testcase name="validateCRMImage" time="0.26" classname="com.crm.qa.testcases.LoginPageTest"/>
  <testcase name="loginTest" time="8.301" classname="com.crm.qa.testcases.LoginPageTest"/>
</testsuite> <!-- Free CRM Application Test cases -->
