<?xml version="1.0" encoding="UTF-8"?>
<!-- Generated by org.testng.reporters.JUnitXMLReporter -->
<testsuite hostname="Sys" ignored="0" name="Default test" tests="3" failures="0" timestamp="2020-03-08T15:00:14 IST" time="136.074" errors="0">
  <testcase name="validateCreateNewDeals" time="6.35" classname="com.crm.qa.testcases.DealsPageTest"/>
  <testcase name="validateCreateNewDeals" time="11.411" classname="com.crm.qa.testcases.DealsPageTest"/>
  <testcase name="validateCreateNewDeals" time="7.731" classname="com.crm.qa.testcases.DealsPageTest"/>
</testsuite> <!-- Default test -->
